#! /c/Source/iverilog-install/bin/vvp
:ivl_version "12.0 (devel)" "(s20150603-1539-g2693dd32b)";
:ivl_delay_selection "TYPICAL";
:vpi_time_precision - 12;
:vpi_module "C:\iverilog\lib\ivl\system.vpi";
:vpi_module "C:\iverilog\lib\ivl\vhdl_sys.vpi";
:vpi_module "C:\iverilog\lib\ivl\vhdl_textio.vpi";
:vpi_module "C:\iverilog\lib\ivl\v2005_math.vpi";
:vpi_module "C:\iverilog\lib\ivl\va_math.vpi";
S_000001db92b82e10 .scope module, "pulse_gen" "pulse_gen" 2 23;
 .timescale -9 -12;
    .port_info 0 /INPUT 1 "clk_in";
    .port_info 1 /INPUT 1 "rst";
    .port_info 2 /OUTPUT 1 "clk_out";
o000001db92bb6fd8 .functor BUFZ 1, C4<z>; HiZ drive
v000001db92b835a0_0 .net "clk_in", 0 0, o000001db92bb6fd8;  0 drivers
v000001db92b82fa0_0 .var "clk_out", 0 0;
v000001db92b83040_0 .var "counter", 29 0;
o000001db92bb7068 .functor BUFZ 1, C4<z>; HiZ drive
v000001db92b830e0_0 .net "rst", 0 0, o000001db92bb7068;  0 drivers
E_000001db92af8570 .event posedge, v000001db92b835a0_0;
    .scope S_000001db92b82e10;
T_0 ;
    %wait E_000001db92af8570;
    %load/vec4 v000001db92b830e0_0;
    %flag_set/vec4 8;
    %jmp/0xz  T_0.0, 8;
    %pushi/vec4 0, 0, 30;
    %assign/vec4 v000001db92b83040_0, 0;
    %pushi/vec4 0, 0, 1;
    %assign/vec4 v000001db92b82fa0_0, 0;
    %jmp T_0.1;
T_0.0 ;
    %load/vec4 v000001db92b83040_0;
    %addi 1, 0, 30;
    %assign/vec4 v000001db92b83040_0, 0;
T_0.1 ;
    %load/vec4 v000001db92b83040_0;
    %pad/u 32;
    %cmpi/e 4999999, 0, 32;
    %jmp/0xz  T_0.2, 4;
    %load/vec4 v000001db92b82fa0_0;
    %inv;
    %assign/vec4 v000001db92b82fa0_0, 0;
    %pushi/vec4 0, 0, 30;
    %assign/vec4 v000001db92b83040_0, 0;
    %jmp T_0.3;
T_0.2 ;
    %load/vec4 v000001db92b82fa0_0;
    %assign/vec4 v000001db92b82fa0_0, 0;
T_0.3 ;
    %jmp T_0;
    .thread T_0;
# The file index is used to find the file name in the following table.
:file_names 3;
    "N/A";
    "<interactive>";
    "pulse_gen.v";
