#! /c/Source/iverilog-install/bin/vvp
:ivl_version "12.0 (devel)" "(s20150603-1539-g2693dd32b)";
:ivl_delay_selection "TYPICAL";
:vpi_time_precision - 12;
:vpi_module "C:\iverilog\lib\ivl\system.vpi";
:vpi_module "C:\iverilog\lib\ivl\vhdl_sys.vpi";
:vpi_module "C:\iverilog\lib\ivl\vhdl_textio.vpi";
:vpi_module "C:\iverilog\lib\ivl\v2005_math.vpi";
:vpi_module "C:\iverilog\lib\ivl\va_math.vpi";
S_000001ffcfb2b950 .scope module, "Basic_Traffic_Light_Controller" "Basic_Traffic_Light_Controller" 2 23;
 .timescale -9 -12;
    .port_info 0 /INPUT 1 "clk";
    .port_info 1 /INPUT 1 "rst";
    .port_info 2 /OUTPUT 3 "lights";
P_000001ffcfb2bae0 .param/l "GREEN" 0 2 36, C4<10>;
P_000001ffcfb2bb18 .param/l "RED" 0 2 34, C4<00>;
P_000001ffcfb2bb50 .param/l "RED_YELLOW" 0 2 35, C4<01>;
P_000001ffcfb2bb88 .param/l "YELLOW" 0 2 37, C4<11>;
o000001ffcfb7cf78 .functor BUFZ 1, C4<z>; HiZ drive
v000001ffcfb43560_0 .net "clk", 0 0, o000001ffcfb7cf78;  0 drivers
v000001ffcfb430e0_0 .var "lights", 2 0;
v000001ffcfb2bbd0_0 .var "next_state", 1 0;
o000001ffcfb7d008 .functor BUFZ 1, C4<z>; HiZ drive
v000001ffcfb2bc70_0 .net "rst", 0 0, o000001ffcfb7d008;  0 drivers
v000001ffcfb2bd10_0 .var "state", 1 0;
v000001ffcfbc2000_0 .var "timer", 28 0;
E_000001ffcfb67c90 .event anyedge, v000001ffcfb2bd10_0;
E_000001ffcfb67450 .event posedge, v000001ffcfb43560_0;
E_000001ffcfb67090 .event anyedge, v000001ffcfb2bd10_0, v000001ffcfbc2000_0;
    .scope S_000001ffcfb2b950;
T_0 ;
    %wait E_000001ffcfb67450;
    %load/vec4 v000001ffcfb2bc70_0;
    %flag_set/vec4 8;
    %jmp/0xz  T_0.0, 8;
    %pushi/vec4 0, 0, 2;
    %assign/vec4 v000001ffcfb2bd10_0, 0;
    %jmp T_0.1;
T_0.0 ;
    %load/vec4 v000001ffcfb2bbd0_0;
    %assign/vec4 v000001ffcfb2bd10_0, 0;
T_0.1 ;
    %jmp T_0;
    .thread T_0;
    .scope S_000001ffcfb2b950;
T_1 ;
    %wait E_000001ffcfb67090;
    %load/vec4 v000001ffcfb2bd10_0;
    %dup/vec4;
    %pushi/vec4 0, 0, 2;
    %cmp/u;
    %jmp/1 T_1.0, 6;
    %dup/vec4;
    %pushi/vec4 1, 0, 2;
    %cmp/u;
    %jmp/1 T_1.1, 6;
    %dup/vec4;
    %pushi/vec4 2, 0, 2;
    %cmp/u;
    %jmp/1 T_1.2, 6;
    %dup/vec4;
    %pushi/vec4 3, 0, 2;
    %cmp/u;
    %jmp/1 T_1.3, 6;
    %pushi/vec4 0, 0, 2;
    %assign/vec4 v000001ffcfb2bbd0_0, 0;
    %jmp T_1.5;
T_1.0 ;
    %load/vec4 v000001ffcfbc2000_0;
    %pad/u 32;
    %cmpi/e 0, 0, 32;
    %jmp/0xz  T_1.6, 4;
    %pushi/vec4 1, 0, 2;
    %assign/vec4 v000001ffcfb2bbd0_0, 0;
    %jmp T_1.7;
T_1.6 ;
    %pushi/vec4 0, 0, 2;
    %assign/vec4 v000001ffcfb2bbd0_0, 0;
T_1.7 ;
    %jmp T_1.5;
T_1.1 ;
    %load/vec4 v000001ffcfbc2000_0;
    %pad/u 32;
    %cmpi/e 0, 0, 32;
    %jmp/0xz  T_1.8, 4;
    %pushi/vec4 2, 0, 2;
    %assign/vec4 v000001ffcfb2bbd0_0, 0;
    %jmp T_1.9;
T_1.8 ;
    %pushi/vec4 1, 0, 2;
    %assign/vec4 v000001ffcfb2bbd0_0, 0;
T_1.9 ;
    %jmp T_1.5;
T_1.2 ;
    %load/vec4 v000001ffcfbc2000_0;
    %pad/u 32;
    %cmpi/e 0, 0, 32;
    %jmp/0xz  T_1.10, 4;
    %pushi/vec4 3, 0, 2;
    %assign/vec4 v000001ffcfb2bbd0_0, 0;
    %jmp T_1.11;
T_1.10 ;
    %pushi/vec4 2, 0, 2;
    %assign/vec4 v000001ffcfb2bbd0_0, 0;
T_1.11 ;
    %jmp T_1.5;
T_1.3 ;
    %load/vec4 v000001ffcfbc2000_0;
    %pad/u 32;
    %cmpi/e 0, 0, 32;
    %jmp/0xz  T_1.12, 4;
    %pushi/vec4 0, 0, 2;
    %assign/vec4 v000001ffcfb2bbd0_0, 0;
    %jmp T_1.13;
T_1.12 ;
    %pushi/vec4 3, 0, 2;
    %assign/vec4 v000001ffcfb2bbd0_0, 0;
T_1.13 ;
    %jmp T_1.5;
T_1.5 ;
    %pop/vec4 1;
    %jmp T_1;
    .thread T_1, $push;
    .scope S_000001ffcfb2b950;
T_2 ;
    %wait E_000001ffcfb67450;
    %load/vec4 v000001ffcfb2bd10_0;
    %dup/vec4;
    %pushi/vec4 0, 0, 2;
    %cmp/u;
    %jmp/1 T_2.0, 6;
    %dup/vec4;
    %pushi/vec4 1, 0, 2;
    %cmp/u;
    %jmp/1 T_2.1, 6;
    %dup/vec4;
    %pushi/vec4 2, 0, 2;
    %cmp/u;
    %jmp/1 T_2.2, 6;
    %dup/vec4;
    %pushi/vec4 3, 0, 2;
    %cmp/u;
    %jmp/1 T_2.3, 6;
    %jmp T_2.4;
T_2.0 ;
    %load/vec4 v000001ffcfbc2000_0;
    %pad/u 32;
    %cmpi/e 0, 0, 32;
    %jmp/0xz  T_2.5, 4;
    %pushi/vec4 100000000, 0, 29;
    %assign/vec4 v000001ffcfbc2000_0, 0;
    %jmp T_2.6;
T_2.5 ;
    %load/vec4 v000001ffcfbc2000_0;
    %subi 1, 0, 29;
    %assign/vec4 v000001ffcfbc2000_0, 0;
T_2.6 ;
    %jmp T_2.4;
T_2.1 ;
    %load/vec4 v000001ffcfbc2000_0;
    %pad/u 32;
    %cmpi/e 0, 0, 32;
    %jmp/0xz  T_2.7, 4;
    %pushi/vec4 200000000, 0, 29;
    %assign/vec4 v000001ffcfbc2000_0, 0;
    %jmp T_2.8;
T_2.7 ;
    %load/vec4 v000001ffcfbc2000_0;
    %subi 1, 0, 29;
    %assign/vec4 v000001ffcfbc2000_0, 0;
T_2.8 ;
    %jmp T_2.4;
T_2.2 ;
    %load/vec4 v000001ffcfbc2000_0;
    %pad/u 32;
    %cmpi/e 0, 0, 32;
    %jmp/0xz  T_2.9, 4;
    %pushi/vec4 100000000, 0, 29;
    %assign/vec4 v000001ffcfbc2000_0, 0;
    %jmp T_2.10;
T_2.9 ;
    %load/vec4 v000001ffcfbc2000_0;
    %subi 1, 0, 29;
    %assign/vec4 v000001ffcfbc2000_0, 0;
T_2.10 ;
    %jmp T_2.4;
T_2.3 ;
    %load/vec4 v000001ffcfbc2000_0;
    %pad/u 32;
    %cmpi/e 0, 0, 32;
    %jmp/0xz  T_2.11, 4;
    %pushi/vec4 400000000, 0, 29;
    %assign/vec4 v000001ffcfbc2000_0, 0;
    %jmp T_2.12;
T_2.11 ;
    %load/vec4 v000001ffcfbc2000_0;
    %subi 1, 0, 29;
    %assign/vec4 v000001ffcfbc2000_0, 0;
T_2.12 ;
    %jmp T_2.4;
T_2.4 ;
    %pop/vec4 1;
    %jmp T_2;
    .thread T_2;
    .scope S_000001ffcfb2b950;
T_3 ;
    %wait E_000001ffcfb67c90;
    %load/vec4 v000001ffcfb2bd10_0;
    %dup/vec4;
    %pushi/vec4 0, 0, 2;
    %cmp/u;
    %jmp/1 T_3.0, 6;
    %dup/vec4;
    %pushi/vec4 1, 0, 2;
    %cmp/u;
    %jmp/1 T_3.1, 6;
    %dup/vec4;
    %pushi/vec4 2, 0, 2;
    %cmp/u;
    %jmp/1 T_3.2, 6;
    %dup/vec4;
    %pushi/vec4 3, 0, 2;
    %cmp/u;
    %jmp/1 T_3.3, 6;
    %jmp T_3.4;
T_3.0 ;
    %pushi/vec4 4, 0, 3;
    %store/vec4 v000001ffcfb430e0_0, 0, 3;
    %jmp T_3.4;
T_3.1 ;
    %pushi/vec4 6, 0, 3;
    %store/vec4 v000001ffcfb430e0_0, 0, 3;
    %jmp T_3.4;
T_3.2 ;
    %pushi/vec4 1, 0, 3;
    %store/vec4 v000001ffcfb430e0_0, 0, 3;
    %jmp T_3.4;
T_3.3 ;
    %pushi/vec4 2, 0, 3;
    %store/vec4 v000001ffcfb430e0_0, 0, 3;
    %jmp T_3.4;
T_3.4 ;
    %pop/vec4 1;
    %jmp T_3;
    .thread T_3, $push;
# The file index is used to find the file name in the following table.
:file_names 3;
    "N/A";
    "<interactive>";
    "Basic_Traffic_Light_Controller.v";
