#! /c/Source/iverilog-install/bin/vvp
:ivl_version "12.0 (devel)" "(s20150603-1539-g2693dd32b)";
:ivl_delay_selection "TYPICAL";
:vpi_time_precision - 12;
:vpi_module "C:\iverilog\lib\ivl\system.vpi";
:vpi_module "C:\iverilog\lib\ivl\vhdl_sys.vpi";
:vpi_module "C:\iverilog\lib\ivl\vhdl_textio.vpi";
:vpi_module "C:\iverilog\lib\ivl\v2005_math.vpi";
:vpi_module "C:\iverilog\lib\ivl\va_math.vpi";
S_00000245d36d2d00 .scope module, "pulse_gen" "pulse_gen" 2 23;
 .timescale -9 -12;
    .port_info 0 /INPUT 1 "clk_in";
    .port_info 1 /INPUT 1 "rst";
    .port_info 2 /OUTPUT 1 "clk_out";
v00000245d36d35a0_0 .net *"_ivl_0", 31 0, L_00000245d37010f0;  1 drivers
L_00000245d3750028 .functor BUFT 1, C4<00>, C4<0>, C4<0>, C4<0>;
v00000245d36d2e90_0 .net *"_ivl_3", 1 0, L_00000245d3750028;  1 drivers
L_00000245d3750070 .functor BUFT 1, C4<00000000010011000100101100111111>, C4<0>, C4<0>, C4<0>;
v00000245d36d2f30_0 .net/2u *"_ivl_4", 31 0, L_00000245d3750070;  1 drivers
o00000245d3707028 .functor BUFZ 1, C4<z>; HiZ drive
v00000245d36d2fd0_0 .net "clk_in", 0 0, o00000245d3707028;  0 drivers
v00000245d36d3070_0 .net "clk_out", 0 0, L_00000245d37019a0;  1 drivers
v00000245d36d3110_0 .var "counter", 29 0;
o00000245d37070b8 .functor BUFZ 1, C4<z>; HiZ drive
v00000245d3701050_0 .net "rst", 0 0, o00000245d37070b8;  0 drivers
E_00000245d36b91f0 .event posedge, v00000245d36d2fd0_0;
L_00000245d37010f0 .concat [ 30 2 0 0], v00000245d36d3110_0, L_00000245d3750028;
L_00000245d37019a0 .cmp/eq 32, L_00000245d37010f0, L_00000245d3750070;
    .scope S_00000245d36d2d00;
T_0 ;
    %wait E_00000245d36b91f0;
    %load/vec4 v00000245d3701050_0;
    %flag_set/vec4 8;
    %jmp/0xz  T_0.0, 8;
    %pushi/vec4 0, 0, 30;
    %assign/vec4 v00000245d36d3110_0, 0;
    %jmp T_0.1;
T_0.0 ;
    %load/vec4 v00000245d36d3110_0;
    %pad/u 32;
    %cmpi/e 4999999, 0, 32;
    %jmp/0xz  T_0.2, 4;
    %pushi/vec4 0, 0, 30;
    %assign/vec4 v00000245d36d3110_0, 0;
    %jmp T_0.3;
T_0.2 ;
    %load/vec4 v00000245d36d3110_0;
    %addi 1, 0, 30;
    %assign/vec4 v00000245d36d3110_0, 0;
T_0.3 ;
T_0.1 ;
    %jmp T_0;
    .thread T_0;
# The file index is used to find the file name in the following table.
:file_names 3;
    "N/A";
    "<interactive>";
    "pulse_gen.v";
